<?xml version="1.0" encoding="UTF-8"?>
<!-- Generated by org.testng.reporters.JUnitReportReporter -->
<testsuite hostname="vijay-PC" failures="0" tests="1" name="com.mystore.testcases.EndtoEndtest" time="179.639" errors="0" timestamp="2021-11-24T20:42:27 IST" skipped="0">
  <testcase classname="com.mystore.testcases.EndtoEndtest" name="validateorderpagetest" time="179.639"/>
  <system-out/>
</testsuite> <!-- com.mystore.testcases.EndtoEndtest -->
