<?xml version="1.0" encoding="UTF-8"?>
<!-- Generated by org.testng.reporters.JUnitReportReporter -->
<testsuite hostname="vijay-PC" failures="0" tests="2" name="com.mystore.testcases.Homepagetest" time="186.603" errors="0" timestamp="2021-11-24T20:42:27 IST" skipped="0">
  <testcase classname="com.mystore.testcases.Homepagetest" name="validatemywishlist" time="70.478"/>
  <system-out/>
  <testcase classname="com.mystore.testcases.Homepagetest" name="orderofmywishlist" time="116.125"/>
  <system-out/>
</testsuite> <!-- com.mystore.testcases.Homepagetest -->
