<?xml version="1.0" encoding="UTF-8"?>
<!-- Generated by org.testng.reporters.JUnitReportReporter -->
<testsuite hostname="vijay-PC" failures="0" tests="2" name="com.mystore.testcases.IndexpageTest" time="192.034" errors="0" timestamp="2021-11-24T20:42:27 IST" skipped="0">
  <testcase classname="com.mystore.testcases.IndexpageTest" name="verifylogo" time="102.055"/>
  <system-out/>
  <testcase classname="com.mystore.testcases.IndexpageTest" name="verifytitle" time="89.979"/>
  <system-out/>
</testsuite> <!-- com.mystore.testcases.IndexpageTest -->
