<?xml version="1.0" encoding="UTF-8"?>
<!-- Generated by org.testng.reporters.JUnitReportReporter -->
<testsuite hostname="vijay-PC" failures="0" tests="1" name="com.mystore.testcases.Addtocarttest" time="25.748" errors="0" timestamp="2021-11-26T12:22:19 IST" skipped="0">
  <testcase classname="com.mystore.testcases.Addtocarttest" name="validateaddtocarttest" time="25.748"/>
  <system-out/>
</testsuite> <!-- com.mystore.testcases.Addtocarttest -->
