<?xml version="1.0" encoding="UTF-8"?>
<!-- Generated by org.testng.reporters.JUnitReportReporter -->
<testsuite hostname="vijay-PC" failures="0" tests="1" name="com.mystore.testcases.Addtocarttest" time="129.314" errors="0" timestamp="2021-11-24T20:42:27 IST" skipped="0">
  <testcase classname="com.mystore.testcases.Addtocarttest" name="validateaddtocarttest" time="129.314"/>
  <system-out/>
</testsuite> <!-- com.mystore.testcases.Addtocarttest -->
