<?xml version="1.0" encoding="UTF-8"?>
<!-- Generated by org.testng.reporters.JUnitReportReporter -->
<testsuite hostname="vijay-PC" failures="0" tests="2" name="com.mystore.testcases.Loginpagetest" time="179.795" errors="0" timestamp="2021-11-24T20:42:27 IST" skipped="0">
  <testcase classname="com.mystore.testcases.Loginpagetest" name="Logintest" time="126.276"/>
  <system-out/>
  <testcase classname="com.mystore.testcases.Loginpagetest" name="Logintest" time="53.519"/>
  <system-out/>
</testsuite> <!-- com.mystore.testcases.Loginpagetest -->
