<?xml version="1.0" encoding="UTF-8"?>
<!-- Generated by org.testng.reporters.JUnitReportReporter -->
<testsuite hostname="vijay-PC" failures="0" tests="2" name="com.mystore.testcases.Loginpagetest" time="49.417" errors="0" timestamp="2021-11-26T12:22:19 IST" skipped="0">
  <testcase classname="com.mystore.testcases.Loginpagetest" name="Logintest" time="24.342"/>
  <system-out/>
  <testcase classname="com.mystore.testcases.Loginpagetest" name="Logintest" time="25.075"/>
  <system-out/>
</testsuite> <!-- com.mystore.testcases.Loginpagetest -->
