<?xml version="1.0" encoding="UTF-8"?>
<!-- Generated by org.testng.reporters.JUnitReportReporter -->
<testsuite hostname="vijay-PC" failures="0" tests="1" name="com.mystore.testcases.Accountcreationtest" time="22.414" errors="0" timestamp="2021-11-26T12:22:19 IST" skipped="0">
  <testcase classname="com.mystore.testcases.Accountcreationtest" name="validateaccountcreationpage" time="22.414"/>
  <system-out/>
</testsuite> <!-- com.mystore.testcases.Accountcreationtest -->
